{
  "RSpec": {
    "coverage": {
      "/Users/crohr/Projects/opensource/guard-scss_lint/lib/guard/scss_lint.rb": [
        1,
        1,
        null,
        1,
        1,
        null,
        1,
        1,
        null,
        1,
        null,
        1,
        10,
        null,
        10,
        null,
        null,
        null,
        10,
        10,
        1,
        null,
        9,
        null,
        null,
        10,
        10,
        null,
        null,
        1,
        2,
        2,
        null,
        null,
        1,
        null,
        null,
        1,
        4,
        4,
        4,
        4,
        null,
        null,
        1,
        4,
        null,
        null,
        1,
        null,
        1,
        4,
        8,
        4,
        4,
        1,
        null,
        4,
        4,
        null,
        null,
        1,
        null,
        null,
        null,
        null,
        null,
        null,
        null,
        null,
        null,
        null,
        null,
        null,
        1,
        null,
        null,
        1,
        1,
        1,
        null,
        null,
        null
      ]
    },
    "timestamp": 1444526009
  }
}
